Files already downloaded and verified
Select all categories
Add Gaussian Noise of sigma 0.0. Calculating...

Files already downloaded and verified
Pre-processing pairwise diatances ...
WARNING: 5619 negative diff_squares found and set to zero, min_diff_square= tensor(-3.6380e-12, dtype=torch.float64)
Initialization is DONE !
[67.47475234 66.81947591 60.09139976 ...  7.03925032  6.45323966
  6.32275193]
Memory Info: pmem(rss=1293565952, vms=2786447360, shared=66924544, text=2420736, lib=0, data=2152976384, dirty=0)
Add Gaussian Noise of sigma 0.05. Calculating...

Files already downloaded and verified
Pre-processing pairwise diatances ...
WARNING: 5619 negative diff_squares found and set to zero, min_diff_square= tensor(-3.6380e-12, dtype=torch.float64)
Initialization is DONE !
[67.47475234 67.47475234 63.65856861 ...  7.99027914  7.5219602
  7.5219602 ]
Memory Info: pmem(rss=1361485824, vms=2864693248, shared=66924544, text=2420736, lib=0, data=2231222272, dirty=0)
Add Gaussian Noise of sigma 0.1. Calculating...

Files already downloaded and verified
Pre-processing pairwise diatances ...
WARNING: 5619 negative diff_squares found and set to zero, min_diff_square= tensor(-3.6380e-12, dtype=torch.float64)
Initialization is DONE !
[67.47475234 60.09139976 58.54200164 ...  9.04490606  9.04490606
  8.89797775]
Memory Info: pmem(rss=1333252096, vms=2836201472, shared=66924544, text=2420736, lib=0, data=2202730496, dirty=0)
Add Gaussian Noise of sigma 0.15000000000000002. Calculating...

Files already downloaded and verified
Pre-processing pairwise diatances ...
WARNING: 5619 negative diff_squares found and set to zero, min_diff_square= tensor(-3.6380e-12, dtype=torch.float64)
Initialization is DONE !
[60.09139976 58.54200164 58.24505825 ...  9.04490606  9.04490606
  8.89797775]
Memory Info: pmem(rss=1314242560, vms=2817196032, shared=66924544, text=2420736, lib=0, data=2183725056, dirty=0)
Add Gaussian Noise of sigma 0.2. Calculating...

Files already downloaded and verified
Pre-processing pairwise diatances ...
WARNING: 5619 negative diff_squares found and set to zero, min_diff_square= tensor(-3.6380e-12, dtype=torch.float64)
Initialization is DONE !
[60.09139976 58.54200164 58.24505825 ...  9.15411921  9.04490606
  8.98175218]
Memory Info: pmem(rss=1355165696, vms=2868424704, shared=66924544, text=2420736, lib=0, data=2234953728, dirty=0)
Add Gaussian Noise of sigma 0.25. Calculating...

Files already downloaded and verified
Pre-processing pairwise diatances ...
WARNING: 5619 negative diff_squares found and set to zero, min_diff_square= tensor(-3.6380e-12, dtype=torch.float64)
Initialization is DONE !
[54.45323581 54.45323581 51.08030507 ...  9.15411921  9.15411921
  9.04636684]
Memory Info: pmem(rss=1402277888, vms=2925928448, shared=66924544, text=2420736, lib=0, data=2292457472, dirty=0)
Add Gaussian Noise of sigma 0.30000000000000004. Calculating...

Files already downloaded and verified
Pre-processing pairwise diatances ...
WARNING: 5619 negative diff_squares found and set to zero, min_diff_square= tensor(-3.6380e-12, dtype=torch.float64)
Initialization is DONE !
[63.65856861 56.13352308 51.08030507 ...  9.22705957  9.04636684
  8.81658582]
Memory Info: pmem(rss=1385644032, vms=2909442048, shared=66924544, text=2420736, lib=0, data=2275971072, dirty=0)
Add Gaussian Noise of sigma 0.35000000000000003. Calculating...

Files already downloaded and verified
Pre-processing pairwise diatances ...
WARNING: 5619 negative diff_squares found and set to zero, min_diff_square= tensor(-3.6380e-12, dtype=torch.float64)
Initialization is DONE !
[63.65856861 63.65856861 54.45323581 ...  9.56813655  9.43536576
  9.22705957]
Memory Info: pmem(rss=1406656512, vms=2929922048, shared=66924544, text=2420736, lib=0, data=2296451072, dirty=0)
Add Gaussian Noise of sigma 0.4. Calculating...

Files already downloaded and verified
Pre-processing pairwise diatances ...
WARNING: 5619 negative diff_squares found and set to zero, min_diff_square= tensor(-3.6380e-12, dtype=torch.float64)
Initialization is DONE !
[54.45323581 48.04646309 45.03362351 ...  9.45931138  9.43536576
  9.36813999]
Memory Info: pmem(rss=1433108480, vms=2956677120, shared=66924544, text=2420736, lib=0, data=2323206144, dirty=0)
Add Gaussian Noise of sigma 0.45. Calculating...

Files already downloaded and verified
Pre-processing pairwise diatances ...
WARNING: 5619 negative diff_squares found and set to zero, min_diff_square= tensor(-3.6380e-12, dtype=torch.float64)
Initialization is DONE !
[51.08030507 44.86451683 44.86451683 ...  9.8705181   9.84138731
  9.63591306]
Memory Info: pmem(rss=1385725952, vms=2909442048, shared=66924544, text=2420736, lib=0, data=2275971072, dirty=0)
Add Gaussian Noise of sigma 0.5. Calculating...

Files already downloaded and verified
Pre-processing pairwise diatances ...
WARNING: 5619 negative diff_squares found and set to zero, min_diff_square= tensor(-3.6380e-12, dtype=torch.float64)
Initialization is DONE !
[48.72489468 44.86451683 41.95012872 ...  9.84138731  9.84138731
  9.22705957]
Memory Info: pmem(rss=1415995392, vms=2929922048, shared=66924544, text=2420736, lib=0, data=2296451072, dirty=0)
Add Gaussian Noise of sigma 0.55. Calculating...

Files already downloaded and verified
Pre-processing pairwise diatances ...
WARNING: 5619 negative diff_squares found and set to zero, min_diff_square= tensor(-3.6380e-12, dtype=torch.float64)
Initialization is DONE !
[43.23184218 43.23184218 43.23184218 ... 10.56922978 10.53640854
 10.44239156]
Memory Info: pmem(rss=1406124032, vms=2909179904, shared=66924544, text=2420736, lib=0, data=2275708928, dirty=0)
Add Gaussian Noise of sigma 0.6000000000000001. Calculating...

Files already downloaded and verified
Pre-processing pairwise diatances ...
WARNING: 5619 negative diff_squares found and set to zero, min_diff_square= tensor(-3.6380e-12, dtype=torch.float64)
Initialization is DONE !
[43.23184218 43.23184218 39.53239411 ... 10.88624789 10.63843801
 10.0876911 ]
Memory Info: pmem(rss=1426427904, vms=2929922048, shared=66924544, text=2420736, lib=0, data=2296451072, dirty=0)
Add Gaussian Noise of sigma 0.65. Calculating...

Files already downloaded and verified
Pre-processing pairwise diatances ...
WARNING: 5619 negative diff_squares found and set to zero, min_diff_square= tensor(-3.6380e-12, dtype=torch.float64)
Initialization is DONE !
[39.53239411 39.53239411 37.24423974 ... 11.67400827 11.67400827
 10.88624789]
Memory Info: pmem(rss=1474707456, vms=2987687936, shared=66924544, text=2420736, lib=0, data=2354216960, dirty=0)
Add Gaussian Noise of sigma 0.7000000000000001. Calculating...

Files already downloaded and verified
Pre-processing pairwise diatances ...
WARNING: 5619 negative diff_squares found and set to zero, min_diff_square= tensor(-3.6380e-12, dtype=torch.float64)
Initialization is DONE !
[36.37138718 34.68210955 34.0221907  ... 11.79903212 11.79903212
 10.87757902]
Memory Info: pmem(rss=1426804736, vms=2939928576, shared=66924544, text=2420736, lib=0, data=2306457600, dirty=0)
Add Gaussian Noise of sigma 0.75. Calculating...

Files already downloaded and verified
Pre-processing pairwise diatances ...
WARNING: 5619 negative diff_squares found and set to zero, min_diff_square= tensor(-3.6380e-12, dtype=torch.float64)
Initialization is DONE !
[39.53239411 39.53239411 37.24423974 ... 11.79903212 11.79903212
 11.69649321]
Memory Info: pmem(rss=1447559168, vms=2960670720, shared=66924544, text=2420736, lib=0, data=2327199744, dirty=0)
Add Gaussian Noise of sigma 0.8. Calculating...

Files already downloaded and verified
Pre-processing pairwise diatances ...
WARNING: 5619 negative diff_squares found and set to zero, min_diff_square= tensor(-3.6380e-12, dtype=torch.float64)
Initialization is DONE !
[43.23184218 43.23184218 35.33277706 ... 11.88370418 11.88370418
 11.88370418]
Memory Info: pmem(rss=1447936000, vms=2970939392, shared=66924544, text=2420736, lib=0, data=2337468416, dirty=0)
Add Gaussian Noise of sigma 0.8500000000000001. Calculating...

Files already downloaded and verified
Pre-processing pairwise diatances ...
WARNING: 5619 negative diff_squares found and set to zero, min_diff_square= tensor(-3.6380e-12, dtype=torch.float64)
Initialization is DONE !
[37.91332308 33.09548414 33.09548414 ... 12.43100839 12.37908017
 11.94999017]
Memory Info: pmem(rss=1467486208, vms=2991157248, shared=66924544, text=2420736, lib=0, data=2357686272, dirty=0)
Add Gaussian Noise of sigma 0.9. Calculating...

Files already downloaded and verified
Pre-processing pairwise diatances ...
WARNING: 5619 negative diff_squares found and set to zero, min_diff_square= tensor(-3.6380e-12, dtype=torch.float64)
Initialization is DONE !
[43.23184218 33.09548414 33.09548414 ... 13.14045117 13.07056924
 12.43100839]
Memory Info: pmem(rss=1515311104, vms=3049185280, shared=66924544, text=2420736, lib=0, data=2415714304, dirty=0)
Add Gaussian Noise of sigma 0.9500000000000001. Calculating...

Files already downloaded and verified
Pre-processing pairwise diatances ...
WARNING: 5619 negative diff_squares found and set to zero, min_diff_square= tensor(-3.6380e-12, dtype=torch.float64)
Initialization is DONE !
[33.09548414 33.09548414 33.09548414 33.09548414 33.09548414 33.09548414
 33.09548414 33.09548414 33.09548414 33.09548414 33.09548414 33.09548414
 33.09548414 33.09548414 33.09548414 33.09548414 33.09548414 33.09548414
 33.09548414 33.09548414 33.09548414 33.09548414 33.09548414 33.09548414
 33.09548414 33.09548414 33.09548414 33.09548414 33.09548414 33.09548414
 33.09548414 30.9759413  30.9759413  30.9759413  30.9759413  30.9759413
 30.40611049 30.40611049 30.0911618  30.0911618  30.0911618  30.0911618
 30.0911618  30.0911618  30.0911618  30.0911618  30.0911618  30.0911618
 30.0911618  30.0911618  30.0911618  30.0911618  30.0911618  30.0911618
 30.0911618  30.0911618  30.0911618  30.0911618  30.0911618  30.0911618
 30.0911618  30.0911618  30.0911618  30.0911618  30.0911618  30.0911618
 30.0911618  30.0911618  30.0911618  30.0911618  30.0911618  30.0911618
 30.0911618  30.0911618  30.0911618  30.0911618  30.0911618  30.0911618
 30.0911618  30.0911618  30.0911618  30.0911618  30.0911618  30.0911618
 30.0911618  30.0911618  30.0911618  30.0911618  30.0911618  30.0911618
 30.0911618  30.0911618  30.0911618  30.0911618  30.0911618  30.0911618
 30.0911618  30.0911618  30.0911618  30.0911618  30.0911618  30.0911618
 30.0911618  30.0911618  30.0911618  30.0911618  30.0911618  30.0911618
 30.0911618  30.0911618  30.0911618  30.0911618  30.0911618  30.0911618
 30.0911618  30.0911618  30.0911618  30.0911618  30.0911618  30.0911618
 30.0911618  30.0911618  30.0911618  30.0911618  30.0911618  30.0911618
 30.0911618  30.0911618  30.0911618  30.0911618  30.0911618  30.0911618
 30.0911618  30.0911618  30.0911618  30.0911618  30.0911618  30.0911618
 30.0911618  30.0911618  30.0911618  30.0911618  30.0911618  30.0911618
 30.0911618  30.0911618  30.0911618  30.0911618  30.0911618  30.0911618
 30.0911618  30.0911618  30.0911618  30.0911618  30.0911618  30.0911618
 30.0911618  30.0911618  30.0911618  30.0911618  30.0911618  30.0911618
 30.0911618  30.0911618  30.0911618  30.0911618  30.0911618  30.0911618
 30.0911618  30.0911618  30.0911618  30.0911618  30.0911618  30.0911618
 30.0911618  30.0911618  30.0911618  30.0911618  29.19029021 29.19029021
 29.19029021 29.19029021 29.19029021 29.19029021 29.19029021 29.19029021
 29.19029021 28.00801513 28.00801513 28.00801513 28.00801513 28.00801513
 28.00801513 28.00801513 28.00801513 28.00801513 28.00801513 28.00801513
 28.00801513 28.00801513 28.00801513 28.00801513 28.00801513 28.00801513
 28.00801513 28.00801513 28.00801513 28.00801513 28.00801513 28.00801513
 28.00801513 28.00801513 28.00801513 28.00801513 28.00801513 28.00801513
 28.00801513 28.00801513 28.00801513 28.00801513 28.00801513 28.00801513
 28.00801513 28.00801513 28.00801513 28.00801513 28.00801513 28.00801513
 28.00801513 28.00801513 28.00801513 28.00801513 28.00801513 28.00801513
 28.00801513 28.00801513 28.00801513 28.00801513 28.00801513 28.00801513
 28.00801513 28.00801513 28.00801513 28.00801513 28.00801513 28.00801513
 28.00801513 28.00801513 28.00801513 28.00801513 28.00801513 28.00801513
 25.89948814 25.83917189 25.83917189 25.83917189 25.83917189 25.83917189
 25.83917189 25.83917189 25.83917189 25.83917189 25.83917189 25.83917189
 25.83917189 25.83917189 25.83917189 25.83917189 25.83917189 25.83917189
 25.83917189 25.83917189 25.83917189 25.83917189 25.83917189 25.83917189
 25.83917189 25.83917189 25.83917189 25.83917189 25.83917189 25.83917189
 25.83917189 25.83917189 25.83917189 25.83917189 25.83917189 25.83917189
 25.83917189 25.83917189 25.83917189 25.83917189 25.83917189 25.83917189
 25.83917189 25.83917189 25.83917189 25.78315131 25.78315131 25.78315131
 25.78315131 25.78315131 25.78315131 25.78315131 25.78315131 25.78315131
 25.78315131 25.78315131 25.78315131 25.78315131 25.78315131 25.78315131
 25.78315131 25.78315131 25.78315131 25.78315131 25.78315131 25.78315131
 25.78315131 25.78315131 25.51335373 25.28856044 25.28856044 25.28856044
 25.28856044 25.28856044 25.28856044 25.23922169 24.57810877 24.57810877
 24.57810877 24.57810877 24.57810877 24.57810877 24.57810877 24.57810877
 24.57810877 24.57810877 24.57810877 24.57810877 24.57810877 24.57810877
 24.57810877 24.57810877 24.57810877 24.57810877 24.57810877 24.57810877
 24.57810877 24.57810877 24.57810877 24.57810877 24.57810877 24.21224729
 24.21224729 24.21224729 24.21224729 24.21224729 24.21224729 24.21224729
 24.18565422 24.18565422 24.18565422 24.18565422 24.18565422 24.18565422
 24.18565422 24.18565422 23.92785449 23.71593448 23.46991571 23.46991571
 22.68076904 22.68076904 22.68076904 22.66953863 22.66953863 22.30402263
 22.18141123 22.11186385 22.11186385 22.11186385 22.11186385 22.11186385
 22.11186385 22.11186385 22.11186385 22.11186385 22.11186385 22.11186385
 22.11186385 22.11186385 22.11186385 22.11186385 22.11186385 22.11186385
 21.64490677 21.64490677 21.64490677 21.64490677 21.36897524 21.36897524
 21.36897524 21.36897524 21.36897524 21.36897524 21.36897524 21.36897524
 21.36897524 21.36897524 21.36897524 21.36897524 21.36897524 21.36897524
 21.36897524 21.36897524 21.36897524 21.36897524 21.36897524 21.36897524
 21.36897524 21.36897524 21.36897524 21.36897524 21.36897524 21.36897524
 21.36897524 21.36897524 21.36897524 21.36897524 21.36897524 21.36897524
 21.36897524 21.36897524 21.36897524 21.36897524 21.36897524 21.36897524
 21.36897524 21.36897524 21.36897524 21.36897524 21.36897524 21.36897524
 21.36897524 21.36897524 21.36897524 21.36897524 21.36897524 21.36897524
 21.36897524 21.36897524 21.36897524 21.36897524 21.36897524 21.36897524
 21.36897524 21.36897524 21.36897524 21.36897524 21.36897524 21.36897524
 21.36897524 21.36897524 21.36897524 21.36897524 21.36897524 21.36897524
 21.36897524 21.36897524 21.36897524 21.36897524 21.36897524 21.36897524
 21.36897524 21.36897524 21.36897524 21.36897524 21.36897524 21.36897524
 21.36897524 21.36897524 21.36897524 21.36897524 21.36897524 21.36897524
 21.36897524 21.36897524 21.36897524 21.36897524 21.36897524 21.36897524
 21.36897524 21.36897524 21.36897524 21.36897524 21.36897524 21.36897524
 21.36897524 21.36897524 21.36897524 21.36897524 21.36897524 21.36897524
 21.36897524 21.36897524 21.36897524 21.36897524 21.36897524 21.36897524
 21.36897524 21.36897524 21.36897524 21.36897524 21.36897524 21.36897524
 21.36897524 21.36897524 21.36897524 21.36897524 21.36897524 21.36897524
 21.36897524 21.36897524 21.36897524 21.36897524 21.36897524 21.36897524
 21.36897524 21.36897524 21.36897524 21.36897524 21.36897524 21.36897524
 21.36897524 21.36897524 21.36897524 21.36897524 21.36897524 21.36897524
 21.36897524 21.36897524 21.36897524 21.36897524 21.36897524 21.36897524
 21.36897524 21.36897524 21.36897524 21.36897524 21.36897524 21.36897524
 21.36897524 21.36897524 21.36897524 21.36897524 21.36897524 21.36897524
 21.36897524 21.36897524 21.36897524 21.36897524 21.36897524 21.36897524
 21.36897524 21.36897524 21.36897524 21.36897524 21.36897524 21.36897524
 21.36897524 21.36897524 21.36897524 21.36897524 21.36897524 21.36897524
 21.36897524 21.36897524 21.36897524 21.36897524 21.36897524 21.36897524
 21.36897524 21.36897524 21.36897524 21.36897524 21.36897524 21.36897524
 21.36897524 21.36897524 21.36897524 21.36897524 21.36897524 21.36897524
 21.36897524 21.36897524 21.36897524 21.36897524 21.36897524 21.36897524
 21.36897524 21.36897524 21.36897524 21.36897524 21.36897524 21.36897524
 21.36897524 21.36897524 21.36897524 21.36897524 21.36897524 21.36897524
 21.36897524 21.36897524 21.36897524 21.36897524 21.36897524 21.36897524
 21.36897524 21.36897524 21.36897524 21.36897524 21.36897524 21.36897524
 21.36897524 21.36897524 21.36897524 21.36897524 21.36897524 21.36897524
 21.36897524 21.36897524 21.36897524 21.36897524 21.36897524 21.36897524
 21.36897524 21.36897524 21.36897524 21.36897524 21.36897524 21.36897524
 21.36897524 21.36897524 21.36897524 21.36897524 21.36897524 21.36897524
 21.36897524 21.36897524 21.36897524 21.36897524 21.36897524 21.36897524
 21.36897524 21.36897524 21.36897524 21.36897524 21.36897524 21.36897524
 21.36897524 21.36897524 21.36897524 21.36897524 21.36897524 21.36897524
 21.36897524 21.36897524 21.36897524 21.36897524 21.36897524 21.01727226
 20.6201684  20.6201684  20.6201684  20.52054551 20.39807888 20.38836663
 20.2380616  19.87816341 19.87816341 19.87816341 19.87816341 19.87816341
 19.87816341 19.87816341 19.87816341 19.87816341 19.87816341 19.87816341
 19.87816341 19.87816341 19.87816341 19.87816341 19.87816341 19.87816341
 19.87816341 19.87816341 19.87816341 19.87816341 19.87816341 19.87816341
 19.87816341 19.87816341 19.87816341 19.87816341 19.87816341 19.87816341
 19.87816341 19.87816341 19.87816341 19.87816341 19.87816341 19.87816341
 19.87816341 19.87816341 19.87816341 19.87816341 19.87816341 19.87816341
 19.87816341 19.54387955 19.54387955 19.54387955 19.54387955 19.54387955
 19.54387955 19.54387955 19.54387955 19.54387955 19.54387955 19.54387955
 19.54387955 19.54387955 19.54387955 19.51954915 19.51954915 19.51954915
 19.51954915 19.51954915 19.51954915 19.51954915 19.51954915 19.51954915
 19.51954915 19.51954915 19.51954915 19.51954915 19.51954915 19.51954915
 19.51954915 19.51954915 19.51954915 19.51954915 19.51954915 19.51954915
 19.51954915 19.51954915 19.51954915 19.51954915 19.51954915 19.51954915
 19.51954915 19.51954915 19.51954915 19.51954915 19.51954915 19.51954915
 19.51954915 19.51954915 19.51954915 19.51954915 19.51954915 19.51954915
 19.51954915 19.51954915 19.51954915 19.51954915 19.51954915 19.51954915
 19.51954915 19.51954915 19.51954915 19.51954915 19.51954915 19.51954915
 19.51954915 19.51954915 19.51954915 19.51954915 19.42103775 19.39703877
 19.39703877 19.19153347 18.81109564 18.81109564 18.81109564 18.81109564
 18.81109564 18.81109564 18.81109564 18.81109564 18.81109564 18.81109564
 18.81109564 18.81109564 18.81109564 18.81109564 18.81109564 18.81109564
 18.81109564 18.81109564 18.81109564 18.81109564 18.81109564 18.81109564
 18.81109564 18.81109564 18.81109564 18.81109564 18.81109564 18.81109564
 18.81109564 18.81109564 18.81109564 18.81109564 18.81109564 18.81109564
 18.81109564 18.81109564 18.81109564 18.81109564 18.81109564 18.81109564
 18.81109564 18.81109564 18.81109564 18.81109564 18.81109564 18.81109564
 18.81109564 18.81109564 18.81109564 18.81109564 18.81109564 18.81109564
 18.81109564 18.81109564 18.81109564 18.81109564 18.81109564 18.81109564
 18.81109564 18.81109564 18.81109564 18.81109564 18.81109564 18.81109564
 18.81109564 18.81109564 18.81109564 18.81109564 18.81109564 18.81109564
 18.81109564 18.81109564 18.81109564 18.81109564 18.81109564 18.81109564
 18.81109564 18.81109564 18.80261794 18.69557103 18.59464145 18.2556229
 18.2556229  18.2556229  18.2556229  18.2556229  17.64921781 17.64921781
 17.47393496 17.02346561 17.02346561 17.02346561 16.98344838 16.98344838
 16.98344838 16.98344838 16.98344838 16.98344838 16.98344838 16.98344838
 16.98344838 16.98344838 16.67575091 16.66574632 16.16225152 16.05584803
 16.05584803 16.05584803 16.05584803 16.05584803 16.05584803 16.05584803
 16.05584803 16.05584803 16.05584803 16.05584803 16.05584803 16.05584803
 16.05584803 16.05584803 16.05584803 16.05584803 16.05584803 16.03359022
 15.92550046 15.92550046 15.88447597 15.88447597 15.65466804 15.65466804
 15.01318105 14.61867579 14.61867579 14.61867579 14.61867579 14.61867579
 14.61867579 14.61867579 14.5380084  14.5380084  13.99451954 13.67878668
 13.38861919 13.07056924 13.07056924 13.07056924 11.98967224]
Memory Info: pmem(rss=1467817984, vms=3001688064, shared=66924544, text=2420736, lib=0, data=2368217088, dirty=0)
Add Gaussian Noise of sigma 1.0. Calculating...

Files already downloaded and verified
Pre-processing pairwise diatances ...
WARNING: 5619 negative diff_squares found and set to zero, min_diff_square= tensor(-3.6380e-12, dtype=torch.float64)
Initialization is DONE !
[33.09548414 33.09548414 33.09548414 33.09548414 33.09548414 33.09548414
 33.09548414 33.09548414 33.09548414 33.09548414 33.09548414 33.09548414
 33.09548414 33.09548414 33.09548414 33.09548414 33.09548414 33.09548414
 33.09548414 33.09548414 33.09548414 33.09548414 33.09548414 33.09548414
 33.09548414 33.09548414 33.09548414 33.09548414 33.09548414 32.97154533
 30.9759413  30.9759413  30.9759413  30.40611049 30.40611049 30.0911618
 30.0911618  30.0911618  30.0911618  30.0911618  30.0911618  30.0911618
 30.0911618  30.0911618  30.0911618  30.0911618  30.0911618  30.0911618
 30.0911618  30.0911618  30.0911618  30.0911618  30.0911618  30.0911618
 30.0911618  30.0911618  30.0911618  30.0911618  30.0911618  30.0911618
 30.0911618  30.0911618  30.0911618  30.0911618  30.0911618  30.0911618
 30.0911618  30.0911618  30.0911618  30.0911618  30.0911618  30.0911618
 30.0911618  30.0911618  30.0911618  30.0911618  30.0911618  30.0911618
 30.0911618  30.0911618  30.0911618  30.0911618  30.0911618  30.0911618
 30.0911618  30.0911618  30.0911618  30.0911618  30.0911618  30.0911618
 30.0911618  30.0911618  30.0911618  30.0911618  30.0911618  30.0911618
 30.0911618  30.0911618  30.0911618  30.0911618  30.0911618  30.0911618
 30.0911618  30.0911618  30.0911618  30.0911618  30.0911618  30.0911618
 30.0911618  30.0911618  30.0911618  30.0911618  30.0911618  30.0911618
 30.0911618  30.0911618  30.0911618  30.0911618  30.0911618  30.0911618
 30.0911618  30.0911618  30.0911618  30.0911618  30.0911618  30.0911618
 30.0911618  30.0911618  30.0911618  30.0911618  30.0911618  30.0911618
 30.0911618  30.0911618  30.0911618  30.0911618  30.0911618  30.0911618
 30.0911618  30.0911618  30.0911618  30.0911618  30.0911618  30.0911618
 30.0911618  30.0911618  30.0911618  30.0911618  30.0911618  30.0911618
 30.0911618  30.0911618  30.0911618  30.0911618  30.0911618  30.0911618
 30.0911618  30.0911618  30.0911618  29.19029021 29.19029021 29.19029021
 29.19029021 29.19029021 29.19029021 29.19029021 29.19029021 29.19029021
 29.19029021 29.19029021 28.00801513 28.00801513 28.00801513 28.00801513
 28.00801513 28.00801513 28.00801513 28.00801513 28.00801513 28.00801513
 28.00801513 28.00801513 28.00801513 28.00801513 28.00801513 28.00801513
 28.00801513 28.00801513 28.00801513 28.00801513 28.00801513 28.00801513
 28.00801513 28.00801513 28.00801513 28.00801513 28.00801513 28.00801513
 28.00801513 28.00801513 28.00801513 28.00801513 28.00801513 28.00801513
 28.00801513 28.00801513 28.00801513 28.00801513 28.00801513 28.00801513
 28.00801513 28.00801513 28.00801513 28.00801513 28.00801513 28.00801513
 28.00801513 28.00801513 28.00801513 28.00801513 28.00801513 28.00801513
 28.00801513 28.00801513 28.00801513 28.00801513 28.00801513 28.00801513
 28.00801513 28.00801513 28.00801513 28.00801513 28.00801513 28.00801513
 28.00801513 28.00801513 28.00801513 28.00801513 28.00801513 28.00801513
 28.00801513 28.00801513 28.00801513 27.46265128 25.83917189 25.83917189
 25.83917189 25.83917189 25.83917189 25.83917189 25.83917189 25.83917189
 25.83917189 25.83917189 25.83917189 25.83917189 25.83917189 25.83917189
 25.83917189 25.83917189 25.83917189 25.83917189 25.83917189 25.83917189
 25.83917189 25.83917189 25.83917189 25.83917189 25.83917189 25.83917189
 25.83917189 25.83917189 25.83917189 25.83917189 25.83917189 25.83917189
 25.83917189 25.83917189 25.83917189 25.83917189 25.83917189 25.83917189
 25.83917189 25.83917189 25.78315131 25.78315131 25.78315131 25.78315131
 25.78315131 25.78315131 25.78315131 25.78315131 25.78315131 25.78315131
 25.78315131 25.78315131 25.78315131 25.78315131 25.78315131 25.78315131
 25.78315131 25.78315131 25.78315131 25.78315131 25.68944712 25.51335373
 25.28856044 25.28856044 24.57810877 24.57810877 24.57810877 24.57810877
 24.57810877 24.57810877 24.57810877 24.57810877 24.57810877 24.57810877
 24.57810877 24.57810877 24.57810877 24.21224729 24.21224729 24.18565422
 24.18565422 24.18565422 24.18565422 24.18565422 23.92785449 23.55857678
 22.68076904 22.68076904 22.68076904 22.66953863 22.66953863 22.26886785
 22.11186385 22.11186385 22.11186385 22.11186385 22.11186385 22.11186385
 22.11186385 22.11186385 22.11186385 22.11186385 22.11186385 22.11186385
 21.75255785 21.64490677 21.64490677 21.36897524 21.36897524 21.36897524
 21.36897524 21.36897524 21.36897524 21.36897524 21.36897524 21.36897524
 21.36897524 21.36897524 21.36897524 21.36897524 21.36897524 21.36897524
 21.36897524 21.36897524 21.36897524 21.36897524 21.36897524 21.36897524
 21.36897524 21.36897524 21.36897524 21.36897524 21.36897524 21.36897524
 21.36897524 21.36897524 21.36897524 21.36897524 21.36897524 21.36897524
 21.36897524 21.36897524 21.36897524 21.36897524 21.36897524 21.36897524
 21.36897524 21.36897524 21.36897524 21.36897524 21.36897524 21.36897524
 21.36897524 21.36897524 21.36897524 21.36897524 21.36897524 21.36897524
 21.36897524 21.36897524 21.36897524 21.36897524 21.36897524 21.36897524
 21.36897524 21.36897524 21.36897524 21.36897524 21.36897524 21.36897524
 21.36897524 21.36897524 21.36897524 21.36897524 21.36897524 21.36897524
 21.36897524 21.36897524 21.36897524 21.36897524 21.36897524 21.36897524
 21.36897524 21.36897524 21.36897524 21.36897524 21.36897524 21.36897524
 21.36897524 21.36897524 21.36897524 21.36897524 21.36897524 21.36897524
 21.36897524 21.36897524 21.36897524 21.36897524 21.36897524 21.36897524
 21.36897524 21.36897524 21.36897524 21.36897524 21.36897524 21.36897524
 21.36897524 21.36897524 21.36897524 21.36897524 21.36897524 21.36897524
 21.36897524 21.36897524 21.36897524 21.36897524 21.36897524 21.36897524
 21.36897524 21.36897524 21.36897524 21.36897524 21.36897524 21.36897524
 21.36897524 21.36897524 21.36897524 21.36897524 21.36897524 21.36897524
 21.36897524 21.36897524 21.36897524 21.36897524 21.36897524 21.36897524
 21.36897524 21.36897524 21.36897524 21.36897524 21.36897524 21.36897524
 21.36897524 21.36897524 21.36897524 21.36897524 21.36897524 21.36897524
 21.36897524 21.36897524 21.36897524 21.36897524 21.36897524 21.36897524
 21.36897524 21.36897524 21.36897524 21.36897524 21.36897524 21.36897524
 21.36897524 21.36897524 21.36897524 21.36897524 21.36897524 21.36897524
 21.36897524 21.36897524 21.36897524 21.36897524 21.36897524 21.36897524
 21.36897524 21.36897524 21.36897524 21.36897524 21.36897524 21.36897524
 21.36897524 21.36897524 21.36897524 21.36897524 21.36897524 21.36897524
 21.36897524 21.36897524 21.36897524 21.36897524 21.36897524 21.36897524
 21.36897524 21.36897524 21.36897524 21.36897524 21.36897524 21.36897524
 21.36897524 21.36897524 21.36897524 21.36897524 21.36897524 21.36897524
 21.01727226 20.39807888 20.2380616  19.87816341 19.87816341 19.87816341
 19.87816341 19.87816341 19.87816341 19.87816341 19.87816341 19.87816341
 19.87816341 19.87816341 19.87816341 19.87816341 19.87816341 19.87816341
 19.87816341 19.87816341 19.87816341 19.87816341 19.87816341 19.87816341
 19.87816341 19.87816341 19.87816341 19.87816341 19.87816341 19.58837989
 19.54387955 19.54387955 19.51954915 19.51954915 19.51954915 19.51954915
 19.51954915 19.51954915 19.51954915 19.51954915 19.51954915 19.51954915
 19.51954915 19.51954915 19.51954915 19.51954915 19.51954915 19.51954915
 19.51954915 19.51954915 19.51954915 19.51954915 19.51954915 19.51954915
 19.51954915 19.51954915 19.51954915 19.51954915 19.51954915 19.51954915
 19.51954915 19.51954915 19.51954915 19.51954915 19.51954915 19.51954915
 19.51954915 19.51954915 19.51954915 19.07746633 18.81109564 18.81109564
 18.81109564 18.81109564 18.81109564 18.81109564 18.81109564 18.81109564
 18.81109564 18.81109564 18.81109564 18.81109564 18.81109564 18.81109564
 18.81109564 18.81109564 18.81109564 18.81109564 18.81109564 18.81109564
 18.81109564 18.81109564 18.81109564 18.81109564 18.81109564 18.81109564
 18.81109564 18.81109564 18.81109564 18.81109564 18.81109564 18.81109564
 18.81109564 18.81109564 18.81109564 18.81109564 18.81109564 18.81109564
 18.81109564 18.81109564 18.81109564 18.81109564 18.81109564 18.81109564
 18.81109564 18.81109564 18.81109564 18.81109564 18.81109564 18.81109564
 18.81109564 18.81109564 18.81109564 18.81109564 18.81109564 18.81109564
 18.81109564 18.7092506  18.2556229  18.2556229  18.2556229  18.2556229
 18.2556229  17.64921781 17.64921781 17.47393496 17.32488081 17.15059302
 16.98344838 16.98344838 16.98344838 16.98344838 16.98344838 16.98344838
 16.98344838 16.98344838 16.98344838 16.66574632 16.66574632 16.05584803
 16.05584803 16.05584803 16.05584803 16.05584803 16.05584803 16.05584803
 16.05584803 16.05584803 16.05584803 16.05584803 16.05584803 16.05584803
 16.05584803 16.05584803 15.92550046 15.88447597 15.88447597 15.88447597
 15.65466804 15.65466804 14.61867579 14.5380084  14.5380084  14.5380084
 13.38861919]
Memory Info: pmem(rss=1488543744, vms=3022168064, shared=66924544, text=2420736, lib=0, data=2388697088, dirty=0)
Add Gaussian Noise of sigma 1.05. Calculating...

Files already downloaded and verified
Pre-processing pairwise diatances ...
WARNING: 5619 negative diff_squares found and set to zero, min_diff_square= tensor(-3.6380e-12, dtype=torch.float64)
Initialization is DONE !
[33.09548414 33.09548414 33.09548414 33.09548414 33.09548414 33.09548414
 33.09548414 33.09548414 33.09548414 33.09548414 33.09548414 33.09548414
 33.09548414 33.09548414 33.09548414 33.09548414 33.09548414 33.09548414
 33.09548414 33.09548414 33.09548414 33.09548414 33.09548414 33.09548414
 33.09548414 33.09548414 30.9759413  30.9759413  30.0911618  30.0911618
 30.0911618  30.0911618  30.0911618  30.0911618  30.0911618  30.0911618
 30.0911618  30.0911618  30.0911618  30.0911618  30.0911618  30.0911618
 30.0911618  30.0911618  30.0911618  30.0911618  30.0911618  30.0911618
 30.0911618  30.0911618  30.0911618  30.0911618  30.0911618  30.0911618
 30.0911618  30.0911618  30.0911618  30.0911618  30.0911618  30.0911618
 30.0911618  30.0911618  30.0911618  30.0911618  30.0911618  30.0911618
 30.0911618  30.0911618  30.0911618  30.0911618  30.0911618  30.0911618
 30.0911618  30.0911618  30.0911618  30.0911618  30.0911618  30.0911618
 30.0911618  30.0911618  30.0911618  30.0911618  30.0911618  30.0911618
 30.0911618  30.0911618  30.0911618  30.0911618  30.0911618  30.0911618
 30.0911618  30.0911618  30.0911618  30.0911618  30.0911618  30.0911618
 30.0911618  30.0911618  30.0911618  30.0911618  30.0911618  30.0911618
 30.0911618  30.0911618  30.0911618  30.0911618  30.0911618  30.0911618
 30.0911618  30.0911618  30.0911618  30.0911618  30.0911618  30.0911618
 30.0911618  30.0911618  30.0911618  30.0911618  30.0911618  30.0911618
 30.0911618  30.0911618  30.0911618  30.0911618  30.0911618  30.0911618
 30.0911618  30.0911618  30.0911618  30.0911618  30.0911618  30.0911618
 30.0911618  30.0911618  30.0911618  30.0911618  30.0911618  30.0911618
 30.0911618  30.0911618  30.0911618  30.0911618  30.0911618  29.77945573
 29.19029021 29.19029021 29.19029021 29.19029021 29.19029021 29.19029021
 29.19029021 29.19029021 29.19029021 29.19029021 28.46647381 28.00801513
 28.00801513 28.00801513 28.00801513 28.00801513 28.00801513 28.00801513
 28.00801513 28.00801513 28.00801513 28.00801513 28.00801513 28.00801513
 28.00801513 28.00801513 28.00801513 28.00801513 28.00801513 28.00801513
 28.00801513 28.00801513 28.00801513 28.00801513 28.00801513 28.00801513
 28.00801513 28.00801513 28.00801513 28.00801513 28.00801513 28.00801513
 28.00801513 28.00801513 28.00801513 28.00801513 28.00801513 28.00801513
 28.00801513 28.00801513 28.00801513 28.00801513 28.00801513 28.00801513
 28.00801513 28.00801513 28.00801513 28.00801513 28.00801513 28.00801513
 28.00801513 25.90607944 25.83917189 25.83917189 25.83917189 25.83917189
 25.83917189 25.83917189 25.83917189 25.83917189 25.83917189 25.83917189
 25.83917189 25.83917189 25.83917189 25.83917189 25.83917189 25.83917189
 25.83917189 25.83917189 25.83917189 25.83917189 25.83917189 25.83917189
 25.83917189 25.83917189 25.83917189 25.83917189 25.83917189 25.78315131
 25.78315131 25.78315131 25.78315131 25.78315131 25.78315131 25.78315131
 25.78315131 25.78315131 25.78315131 25.78315131 25.28856044 25.28856044
 25.28856044 24.57810877 24.57810877 24.57810877 24.57810877 24.57810877
 24.57810877 24.57810877 24.57810877 24.57810877 24.57810877 24.57810877
 24.57810877 24.57810877 24.21224729 24.18565422 23.55857678 22.68076904
 22.66953863 22.53799061 22.11186385 22.11186385 22.11186385 22.11186385
 22.11186385 22.11186385 22.11186385 22.11186385 22.11186385 22.11186385
 22.11186385 21.64490677 21.64490677 21.36897524 21.36897524 21.36897524
 21.36897524 21.36897524 21.36897524 21.36897524 21.36897524 21.36897524
 21.36897524 21.36897524 21.36897524 21.36897524 21.36897524 21.36897524
 21.36897524 21.36897524 21.36897524 21.36897524 21.36897524 21.36897524
 21.36897524 21.36897524 21.36897524 21.36897524 21.36897524 21.36897524
 21.36897524 21.36897524 21.36897524 21.36897524 21.36897524 21.36897524
 21.36897524 21.36897524 21.36897524 21.36897524 21.36897524 21.36897524
 21.36897524 21.36897524 21.36897524 21.36897524 21.36897524 21.36897524
 21.36897524 21.36897524 21.36897524 21.36897524 21.36897524 21.36897524
 21.36897524 21.36897524 21.36897524 21.36897524 21.36897524 21.36897524
 21.36897524 21.36897524 21.36897524 21.36897524 21.36897524 21.36897524
 21.36897524 21.36897524 21.36897524 21.36897524 21.36897524 21.36897524
 21.36897524 21.36897524 21.36897524 21.36897524 21.36897524 21.36897524
 21.36897524 21.36897524 21.36897524 21.36897524 21.36897524 21.36897524
 21.36897524 21.36897524 21.36897524 21.36897524 21.36897524 21.36897524
 21.36897524 21.36897524 21.36897524 21.36897524 21.36897524 21.36897524
 21.36897524 21.36897524 21.36897524 21.36897524 21.36897524 21.36897524
 21.36897524 21.36897524 21.36897524 21.36897524 21.36897524 21.36897524
 21.36897524 21.36897524 21.36897524 21.36897524 21.36897524 21.36897524
 21.36897524 21.36897524 21.36897524 21.36897524 21.36897524 21.36897524
 21.36897524 21.36897524 21.36897524 21.36897524 21.36897524 21.36897524
 21.36897524 21.36897524 21.36897524 21.36897524 21.36897524 21.36897524
 21.36897524 21.36897524 21.36897524 21.36897524 21.36897524 21.36897524
 21.36897524 21.36897524 21.36897524 21.36897524 21.36897524 21.36897524
 21.36897524 21.36897524 21.36897524 21.36897524 21.36897524 21.36897524
 19.96648763 19.87816341 19.87816341 19.87816341 19.87816341 19.87816341
 19.87816341 19.87816341 19.87816341 19.87816341 19.87816341 19.87816341
 19.87816341 19.87816341 19.87816341 19.87816341 19.87816341 19.87816341
 19.87816341 19.54387955 19.54387955 19.54387955 19.54387955 19.51954915
 19.51954915 19.51954915 19.51954915 19.51954915 19.51954915 19.51954915
 19.51954915 19.51954915 19.51954915 19.51954915 19.51954915 19.51954915
 19.51954915 19.51954915 19.51954915 19.51954915 19.51954915 19.51954915
 19.51954915 19.51954915 19.42103775 19.39703877 19.39703877 18.81109564
 18.81109564 18.81109564 18.81109564 18.81109564 18.81109564 18.81109564
 18.81109564 18.81109564 18.81109564 18.81109564 18.81109564 18.81109564
 18.81109564 18.81109564 18.81109564 18.81109564 18.81109564 18.81109564
 18.81109564 18.81109564 18.81109564 18.81109564 18.81109564 18.81109564
 18.81109564 18.81109564 18.81109564 18.81109564 18.81109564 18.81109564
 18.81109564 18.81109564 18.81109564 18.81109564 18.81109564 18.81109564
 18.81109564 18.81109564 18.81109564 18.81109564 18.61455072 18.2556229
 18.2556229  18.2556229  17.64921781 17.64921781 17.37561269 17.02346561
 16.66574632 16.66574632 16.05584803 16.05584803 16.05584803 16.05584803
 16.05584803 16.05584803 16.05584803 16.05584803 15.92550046 14.5380084
 14.5380084  14.5380084 ]
Memory Info: pmem(rss=1515388928, vms=3049185280, shared=66924544, text=2420736, lib=0, data=2415714304, dirty=0)
Add Gaussian Noise of sigma 1.1. Calculating...

Files already downloaded and verified
Pre-processing pairwise diatances ...
WARNING: 5619 negative diff_squares found and set to zero, min_diff_square= tensor(-3.6380e-12, dtype=torch.float64)
Initialization is DONE !
[33.09548414 33.09548414 33.09548414 33.09548414 33.09548414 33.09548414
 33.09548414 33.09548414 33.09548414 33.09548414 33.09548414 33.09548414
 33.09548414 33.09548414 33.09548414 33.09548414 33.09548414 33.09548414
 30.9759413  30.0911618  30.0911618  30.0911618  30.0911618  30.0911618
 30.0911618  30.0911618  30.0911618  30.0911618  30.0911618  30.0911618
 30.0911618  30.0911618  30.0911618  30.0911618  30.0911618  30.0911618
 30.0911618  30.0911618  30.0911618  30.0911618  30.0911618  30.0911618
 30.0911618  30.0911618  30.0911618  30.0911618  30.0911618  30.0911618
 30.0911618  30.0911618  30.0911618  30.0911618  30.0911618  30.0911618
 30.0911618  30.0911618  30.0911618  30.0911618  30.0911618  30.0911618
 30.0911618  30.0911618  30.0911618  30.0911618  30.0911618  30.0911618
 30.0911618  30.0911618  30.0911618  30.0911618  30.0911618  30.0911618
 30.0911618  30.0911618  30.0911618  30.0911618  30.0911618  30.0911618
 30.0911618  30.0911618  30.0911618  30.0911618  30.0911618  30.0911618
 30.0911618  30.0911618  30.0911618  30.0911618  30.0911618  30.0911618
 30.0911618  30.0911618  30.0911618  30.0911618  30.0911618  30.0911618
 30.0911618  30.0911618  30.0911618  30.0911618  30.0911618  30.0911618
 30.0911618  30.0911618  30.0911618  30.0911618  30.0911618  29.19029021
 29.19029021 29.19029021 29.19029021 29.19029021 28.00801513 28.00801513
 28.00801513 28.00801513 28.00801513 28.00801513 28.00801513 28.00801513
 28.00801513 28.00801513 28.00801513 28.00801513 28.00801513 28.00801513
 28.00801513 28.00801513 28.00801513 28.00801513 28.00801513 28.00801513
 28.00801513 28.00801513 28.00801513 28.00801513 28.00801513 28.00801513
 28.00801513 28.00801513 28.00801513 28.00801513 28.00801513 28.00801513
 28.00801513 28.00801513 28.00801513 28.00801513 28.00801513 28.00801513
 28.00801513 28.00801513 28.00801513 28.00801513 28.00801513 28.00801513
 28.00801513 28.00801513 28.00801513 28.00801513 28.00801513 28.00801513
 28.00801513 28.00801513 28.00801513 28.00801513 28.00801513 28.00801513
 25.89948814 25.83917189 25.83917189 25.83917189 25.83917189 25.83917189
 25.83917189 25.83917189 25.83917189 25.83917189 25.83917189 25.83917189
 25.83917189 25.83917189 25.83917189 25.83917189 25.83917189 25.83917189
 25.83917189 25.83917189 25.83917189 25.83917189 25.83917189 25.83917189
 25.83917189 25.83917189 25.83917189 25.83917189 25.83917189 25.83917189
 25.83917189 25.78315131 25.78315131 25.78315131 25.78315131 25.78315131
 25.78315131 25.78315131 25.78315131 25.78315131 24.57810877 24.57810877
 24.57810877 24.57810877 24.57810877 24.57810877 24.21224729 24.18565422
 24.18565422 24.18565422 23.46991571 22.11186385 22.11186385 22.11186385
 22.11186385 22.11186385 22.11186385 22.11186385 22.11186385 22.11186385
 21.36897524 21.36897524 21.36897524 21.36897524 21.36897524 21.36897524
 21.36897524 21.36897524 21.36897524 21.36897524 21.36897524 21.36897524
 21.36897524 21.36897524 21.36897524 21.36897524 21.36897524 21.36897524
 21.36897524 21.36897524 21.36897524 21.36897524 21.36897524 21.36897524
 21.36897524 21.36897524 21.36897524 21.36897524 21.36897524 21.36897524
 21.36897524 21.36897524 21.36897524 21.36897524 21.36897524 21.36897524
 21.36897524 21.36897524 21.36897524 21.36897524 21.36897524 21.36897524
 21.36897524 21.36897524 21.36897524 21.36897524 21.36897524 21.36897524
 21.36897524 21.36897524 21.36897524 21.36897524 21.36897524 21.36897524
 21.36897524 21.36897524 21.36897524 21.36897524 21.36897524 21.36897524
 21.36897524 21.36897524 21.36897524 21.36897524 21.36897524 21.36897524
 21.36897524 21.36897524 21.36897524 21.36897524 21.36897524 21.36897524
 21.36897524 21.36897524 21.36897524 21.36897524 21.36897524 21.36897524
 21.36897524 21.36897524 21.36897524 21.36897524 21.36897524 21.36897524
 21.36897524 21.36897524 21.36897524 21.36897524 21.36897524 21.36897524
 21.36897524 21.36897524 21.36897524 21.36897524 21.36897524 21.36897524
 21.36897524 21.36897524 21.36897524 21.36897524 21.36897524 21.36897524
 21.01727226 20.17685861 19.87816341 19.87816341 19.87816341 19.87816341
 19.87816341 19.87816341 19.51954915 19.51954915 19.51954915 19.51954915
 19.51954915 19.51954915 19.51954915 19.51954915 19.51954915 19.51954915
 19.51954915 19.51954915 19.51954915 19.51954915 19.51954915 19.51954915
 19.51954915 19.51954915 19.51954915 19.39703877 18.81109564 18.81109564
 18.81109564 18.81109564 18.81109564 18.81109564 18.81109564 18.81109564
 18.81109564 18.81109564 18.81109564 18.81109564 18.81109564 18.81109564
 18.81109564 18.81109564 18.81109564 18.81109564 18.81109564 18.81109564
 18.81109564 18.81109564 18.81109564 18.81109564 18.81109564 18.81109564
 18.81109564 18.81109564 18.81109564 18.81109564 18.81109564 18.81109564
 18.81109564 18.81109564 18.81109564 18.2556229  18.2556229  16.98344838
 16.98344838 16.05584803 16.05584803 16.05584803 16.05584803 16.05584803
 16.05584803 16.05584803 16.05584803 15.88447597 14.5380084 ]
Memory Info: pmem(rss=1467842560, vms=3001688064, shared=66924544, text=2420736, lib=0, data=2368217088, dirty=0)
Add Gaussian Noise of sigma 1.1500000000000001. Calculating...

Files already downloaded and verified
Pre-processing pairwise diatances ...
WARNING: 5619 negative diff_squares found and set to zero, min_diff_square= tensor(-3.6380e-12, dtype=torch.float64)
Initialization is DONE !
[33.09548414 33.09548414 33.09548414 33.09548414 33.09548414 33.09548414
 33.09548414 33.09548414 33.09548414 33.09548414 33.09548414 33.09548414
 33.09548414 33.09548414 33.09548414 33.09548414 33.09548414 33.09548414
 33.09548414 33.09548414 33.09548414 33.09548414 33.09548414 33.09548414
 33.09548414 33.09548414 30.9759413  30.0911618  30.0911618  30.0911618
 30.0911618  30.0911618  30.0911618  30.0911618  30.0911618  30.0911618
 30.0911618  30.0911618  30.0911618  30.0911618  30.0911618  30.0911618
 30.0911618  30.0911618  30.0911618  30.0911618  30.0911618  30.0911618
 30.0911618  30.0911618  30.0911618  30.0911618  30.0911618  30.0911618
 30.0911618  30.0911618  30.0911618  30.0911618  30.0911618  30.0911618
 30.0911618  30.0911618  30.0911618  30.0911618  30.0911618  30.0911618
 30.0911618  30.0911618  30.0911618  30.0911618  30.0911618  30.0911618
 30.0911618  30.0911618  30.0911618  30.0911618  30.0911618  30.0911618
 30.0911618  30.0911618  30.0911618  30.0911618  30.0911618  30.0911618
 30.0911618  30.0911618  30.0911618  30.0911618  30.0911618  30.0911618
 30.0911618  30.0911618  30.0911618  30.0911618  30.0911618  30.0911618
 30.0911618  30.0911618  30.0911618  30.0911618  30.0911618  30.0911618
 29.19029021 29.19029021 29.19029021 28.00801513 28.00801513 28.00801513
 28.00801513 28.00801513 28.00801513 28.00801513 28.00801513 28.00801513
 28.00801513 28.00801513 28.00801513 28.00801513 28.00801513 28.00801513
 28.00801513 28.00801513 28.00801513 28.00801513 28.00801513 28.00801513
 28.00801513 28.00801513 28.00801513 28.00801513 28.00801513 28.00801513
 28.00801513 28.00801513 28.00801513 28.00801513 28.00801513 28.00801513
 28.00801513 28.00801513 28.00801513 28.00801513 28.00801513 28.00801513
 28.00801513 28.00801513 28.00801513 28.00801513 28.00801513 25.83917189
 25.83917189 25.83917189 25.83917189 25.83917189 25.83917189 25.83917189
 25.83917189 25.83917189 25.83917189 25.83917189 25.83917189 25.83917189
 25.83917189 25.83917189 25.83917189 25.83917189 25.83917189 25.83917189
 25.83917189 25.83917189 25.83917189 25.78315131 25.78315131 24.82585018
 24.57810877 24.57810877 24.57810877 24.57810877 24.57810877 24.21224729
 24.18565422 22.68076904 22.11186385 22.11186385 22.11186385 22.11186385
 22.11186385 21.64490677 21.36897524 21.36897524 21.36897524 21.36897524
 21.36897524 21.36897524 21.36897524 21.36897524 21.36897524 21.36897524
 21.36897524 21.36897524 21.36897524 21.36897524 21.36897524 21.36897524
 21.36897524 21.36897524 21.36897524 21.36897524 21.36897524 21.36897524
 21.36897524 21.36897524 21.36897524 21.36897524 21.36897524 21.36897524
 21.36897524 21.36897524 21.36897524 21.36897524 21.36897524 21.36897524
 21.36897524 21.36897524 21.36897524 21.36897524 21.36897524 21.36897524
 21.36897524 21.36897524 21.36897524 21.36897524 21.36897524 21.36897524
 21.36897524 21.36897524 21.36897524 21.36897524 21.36897524 21.36897524
 21.36897524 21.36897524 21.36897524 21.36897524 21.36897524 21.36897524
 21.36897524 21.36897524 21.36897524 21.36897524 21.36897524 21.36897524
 21.36897524 21.36897524 21.36897524 21.36897524 21.36897524 21.36897524
 21.36897524 21.36897524 21.36897524 21.36897524 21.36897524 21.36897524
 21.36897524 21.36897524 19.87816341 19.87816341 19.87816341 19.87816341
 19.54387955 19.51954915 19.51954915 19.51954915 19.51954915 19.51954915
 19.51954915 19.51954915 19.51954915 19.51954915 19.51954915 19.51954915
 19.51954915 19.51954915 18.81109564 18.81109564 18.81109564 18.81109564
 18.81109564 18.81109564 18.81109564 18.81109564 18.81109564 18.81109564
 18.81109564 18.81109564 18.81109564 18.81109564 18.81109564 18.81109564
 18.81109564 18.81109564 18.81109564 17.64921781 17.64921781 16.98344838
 16.98344838 16.98344838 16.05584803 16.05584803 15.92550046 15.65466804
 14.61867579]
Memory Info: pmem(rss=1488592896, vms=3022168064, shared=66924544, text=2420736, lib=0, data=2388697088, dirty=0)
Add Gaussian Noise of sigma 1.2000000000000002. Calculating...

Files already downloaded and verified
Pre-processing pairwise diatances ...
WARNING: 5619 negative diff_squares found and set to zero, min_diff_square= tensor(-3.6380e-12, dtype=torch.float64)
Initialization is DONE !
[33.09548414 33.09548414 33.09548414 33.09548414 33.09548414 33.09548414
 33.09548414 33.09548414 33.09548414 33.09548414 33.09548414 33.09548414
 33.09548414 33.09548414 33.09548414 33.09548414 33.09548414 30.9759413
 30.0911618  30.0911618  30.0911618  30.0911618  30.0911618  30.0911618
 30.0911618  30.0911618  30.0911618  30.0911618  30.0911618  30.0911618
 30.0911618  30.0911618  30.0911618  30.0911618  30.0911618  30.0911618
 30.0911618  30.0911618  30.0911618  30.0911618  30.0911618  30.0911618
 30.0911618  30.0911618  30.0911618  30.0911618  30.0911618  30.0911618
 30.0911618  30.0911618  30.0911618  30.0911618  30.0911618  30.0911618
 30.0911618  30.0911618  30.0911618  30.0911618  30.0911618  30.0911618
 30.0911618  30.0911618  30.0911618  30.0911618  30.0911618  30.0911618
 30.0911618  30.0911618  30.0911618  30.0911618  30.0911618  30.0911618
 30.0911618  30.0911618  30.0911618  30.0911618  30.0911618  30.0911618
 30.0911618  30.0911618  30.0911618  30.0911618  30.0911618  30.0911618
 30.0911618  28.00801513 28.00801513 28.00801513 28.00801513 28.00801513
 28.00801513 28.00801513 28.00801513 28.00801513 28.00801513 28.00801513
 28.00801513 28.00801513 28.00801513 28.00801513 28.00801513 28.00801513
 28.00801513 28.00801513 28.00801513 28.00801513 28.00801513 28.00801513
 28.00801513 28.00801513 28.00801513 28.00801513 28.00801513 28.00801513
 28.00801513 25.83917189 25.83917189 25.83917189 25.83917189 25.83917189
 25.83917189 25.83917189 25.83917189 25.83917189 25.83917189 25.83917189
 25.83917189 25.83917189 25.83917189 25.83917189 25.83917189 25.83917189
 25.78315131 25.78315131 25.78315131 24.57810877 24.57810877 24.21224729
 22.11186385 22.11186385 22.11186385 22.11186385 21.36897524 21.36897524
 21.36897524 21.36897524 21.36897524 21.36897524 21.36897524 21.36897524
 21.36897524 21.36897524 21.36897524 21.36897524 21.36897524 21.36897524
 21.36897524 21.36897524 21.36897524 21.36897524 21.36897524 21.36897524
 21.36897524 21.36897524 21.36897524 21.36897524 21.36897524 21.36897524
 21.36897524 21.36897524 21.36897524 21.36897524 21.36897524 21.36897524
 21.36897524 21.36897524 21.36897524 19.87816341 19.87816341 19.87816341
 19.87816341 19.51954915 19.51954915 19.51954915 19.51954915 19.51954915
 19.51954915 19.51954915 18.81109564 18.81109564 18.81109564 18.81109564
 18.81109564 18.81109564 18.81109564 18.81109564 18.81109564 18.81109564
 18.81109564 18.81109564 18.81109564 18.81109564 18.81109564 18.81109564
 18.81109564 18.81109564 18.81109564 18.81109564 18.81109564 18.81109564
 17.64921781 16.98344838 16.05584803 16.05584803 16.05584803]
Memory Info: pmem(rss=1514979328, vms=3048923136, shared=66924544, text=2420736, lib=0, data=2415452160, dirty=0)
Add Gaussian Noise of sigma 1.25. Calculating...

Files already downloaded and verified
Pre-processing pairwise diatances ...
WARNING: 5619 negative diff_squares found and set to zero, min_diff_square= tensor(-3.6380e-12, dtype=torch.float64)
Initialization is DONE !
[33.09548414 33.09548414 33.09548414 33.09548414 33.09548414 33.09548414
 33.09548414 33.09548414 33.09548414 33.09548414 33.09548414 33.09548414
 33.09548414 33.09548414 33.09548414 33.09548414 33.09548414 33.09548414
 30.40611049 30.0911618  30.0911618  30.0911618  30.0911618  30.0911618
 30.0911618  30.0911618  30.0911618  30.0911618  30.0911618  30.0911618
 30.0911618  30.0911618  30.0911618  30.0911618  30.0911618  30.0911618
 30.0911618  30.0911618  30.0911618  30.0911618  30.0911618  30.0911618
 30.0911618  30.0911618  30.0911618  30.0911618  30.0911618  30.0911618
 30.0911618  30.0911618  30.0911618  30.0911618  30.0911618  30.0911618
 30.0911618  30.0911618  30.0911618  30.0911618  30.0911618  30.0911618
 30.0911618  30.0911618  30.0911618  30.0911618  30.0911618  30.0911618
 30.0911618  30.0911618  30.0911618  30.0911618  30.0911618  30.0911618
 30.0911618  30.0911618  30.0911618  30.0911618  30.0911618  30.0911618
 30.0911618  30.0911618  30.0911618  29.19029021 28.00801513 28.00801513
 28.00801513 28.00801513 28.00801513 28.00801513 28.00801513 28.00801513
 28.00801513 28.00801513 28.00801513 28.00801513 28.00801513 28.00801513
 28.00801513 28.00801513 28.00801513 28.00801513 28.00801513 28.00801513
 28.00801513 28.00801513 28.00801513 28.00801513 28.00801513 28.00801513
 28.00801513 28.00801513 28.00801513 28.00801513 28.00801513 28.00801513
 28.00801513 28.00801513 28.00801513 28.00801513 28.00801513 25.83917189
 25.83917189 25.83917189 25.83917189 25.83917189 25.83917189 25.78315131
 23.46991571 22.11186385 22.11186385 22.11186385 21.36897524 21.36897524
 21.36897524 21.36897524 21.36897524 21.36897524 21.36897524 21.36897524
 21.36897524 21.36897524 21.36897524 21.36897524 21.36897524 21.36897524
 21.36897524 21.36897524 21.36897524 21.36897524 21.36897524 21.01727226
 19.54387955 19.51954915 19.51954915 19.51954915 18.81109564 18.81109564
 18.81109564 18.81109564 18.81109564 18.81109564 18.81109564 18.81109564
 18.81109564 18.81109564 18.81109564 18.81109564 18.81109564 18.81109564]
Memory Info: pmem(rss=1468059648, vms=3001688064, shared=66924544, text=2420736, lib=0, data=2368217088, dirty=0)
Add Gaussian Noise of sigma 1.3. Calculating...

Files already downloaded and verified
Pre-processing pairwise diatances ...
WARNING: 5619 negative diff_squares found and set to zero, min_diff_square= tensor(-3.6380e-12, dtype=torch.float64)
Initialization is DONE !
[33.09548414 33.09548414 33.09548414 33.09548414 33.09548414 33.09548414
 33.09548414 33.09548414 33.09548414 30.9759413  30.9759413  30.0911618
 30.0911618  30.0911618  30.0911618  30.0911618  30.0911618  30.0911618
 30.0911618  30.0911618  30.0911618  30.0911618  30.0911618  30.0911618
 30.0911618  30.0911618  30.0911618  30.0911618  30.0911618  30.0911618
 30.0911618  30.0911618  30.0911618  30.0911618  30.0911618  30.0911618
 30.0911618  30.0911618  30.0911618  30.0911618  30.0911618  30.0911618
 30.0911618  30.0911618  30.0911618  30.0911618  30.0911618  30.0911618
 30.0911618  30.0911618  30.0911618  30.0911618  29.19029021 29.19029021
 28.00801513 28.00801513 28.00801513 28.00801513 28.00801513 28.00801513
 28.00801513 28.00801513 28.00801513 28.00801513 28.00801513 28.00801513
 28.00801513 28.00801513 28.00801513 28.00801513 28.00801513 28.00801513
 28.00801513 28.00801513 28.00801513 28.00801513 25.83917189 25.83917189
 25.83917189 25.83917189 25.83917189 25.83917189 25.83917189 25.83917189
 25.83917189 25.83917189 25.83917189 25.78315131 25.78315131 25.78315131
 24.21224729 22.11186385 22.11186385 22.11186385 22.11186385 22.11186385
 21.36897524 21.36897524 21.36897524 21.36897524 21.36897524 21.36897524
 21.36897524 21.36897524 21.36897524 21.36897524 21.36897524 21.36897524
 21.36897524 21.36897524 21.36897524 21.36897524 21.36897524 21.36897524
 21.36897524 21.36897524 21.36897524 19.51954915 19.51954915 18.81109564
 18.81109564 18.81109564 18.81109564 18.81109564]
Memory Info: pmem(rss=1519308800, vms=3052916736, shared=66924544, text=2420736, lib=0, data=2419445760, dirty=0)
Add Gaussian Noise of sigma 1.35. Calculating...

Files already downloaded and verified
Pre-processing pairwise diatances ...
WARNING: 5619 negative diff_squares found and set to zero, min_diff_square= tensor(-3.6380e-12, dtype=torch.float64)
Initialization is DONE !
[33.09548414 33.09548414 33.09548414 33.09548414 33.09548414 33.09548414
 33.09548414 33.09548414 33.09548414 33.09548414 33.09548414 33.09548414
 30.0911618  30.0911618  30.0911618  30.0911618  30.0911618  30.0911618
 30.0911618  30.0911618  30.0911618  30.0911618  30.0911618  30.0911618
 30.0911618  30.0911618  30.0911618  30.0911618  30.0911618  30.0911618
 30.0911618  30.0911618  30.0911618  30.0911618  30.0911618  30.0911618
 30.0911618  30.0911618  30.0911618  30.0911618  30.0911618  30.0911618
 30.0911618  30.0911618  30.0911618  30.0911618  30.0911618  30.0911618
 30.0911618  30.0911618  30.0911618  30.0911618  30.0911618  30.0911618
 30.0911618  28.00801513 28.00801513 28.00801513 28.00801513 28.00801513
 28.00801513 28.00801513 28.00801513 28.00801513 28.00801513 28.00801513
 28.00801513 28.00801513 25.83917189 25.83917189 25.83917189 25.83917189
 21.36897524 21.36897524 21.36897524 21.36897524 21.36897524 19.51954915
 19.51954915 19.51954915 18.81109564 18.81109564 18.81109564 18.81109564
 18.81109564]
Memory Info: pmem(rss=1498279936, vms=3032174592, shared=66924544, text=2420736, lib=0, data=2398703616, dirty=0)
Add Gaussian Noise of sigma 1.4000000000000001. Calculating...

Files already downloaded and verified
Pre-processing pairwise diatances ...
WARNING: 5619 negative diff_squares found and set to zero, min_diff_square= tensor(-3.6380e-12, dtype=torch.float64)
Initialization is DONE !
[33.09548414 33.09548414 33.09548414 33.09548414 33.09548414 33.09548414
 33.09548414 33.09548414 30.0911618  30.0911618  30.0911618  30.0911618
 30.0911618  30.0911618  30.0911618  30.0911618  30.0911618  30.0911618
 30.0911618  30.0911618  30.0911618  30.0911618  30.0911618  30.0911618
 30.0911618  30.0911618  30.0911618  30.0911618  30.0911618  30.0911618
 30.0911618  30.0911618  30.0911618  30.0911618  30.0911618  30.0911618
 30.0911618  30.0911618  30.0911618  30.0911618  28.00801513 28.00801513
 28.00801513 28.00801513 28.00801513 28.00801513 25.83917189 25.83917189
 25.83917189 25.83917189 25.78315131 24.21224729 21.36897524 21.36897524
 21.36897524 21.36897524 21.36897524 18.81109564 18.81109564 18.81109564
 15.65466804]
Memory Info: pmem(rss=1529077760, vms=3052916736, shared=66924544, text=2420736, lib=0, data=2419445760, dirty=0)
Add Gaussian Noise of sigma 1.4500000000000002. Calculating...

Files already downloaded and verified
Pre-processing pairwise diatances ...
WARNING: 5619 negative diff_squares found and set to zero, min_diff_square= tensor(-3.6380e-12, dtype=torch.float64)
Initialization is DONE !
[33.09548414 33.09548414 33.09548414 33.09548414 33.09548414 33.09548414
 33.09548414 33.09548414 33.09548414 33.09548414 33.09548414 30.0911618
 30.0911618  30.0911618  30.0911618  30.0911618  30.0911618  30.0911618
 30.0911618  30.0911618  30.0911618  30.0911618  30.0911618  30.0911618
 30.0911618  30.0911618  30.0911618  28.00801513 28.00801513 28.00801513
 28.00801513 28.00801513 28.00801513 28.00801513 28.00801513 28.00801513
 21.36897524 21.36897524 21.36897524 21.36897524 19.51954915 18.81109564]
Memory Info: pmem(rss=1509117952, vms=3032436736, shared=66924544, text=2420736, lib=0, data=2398965760, dirty=0)
Add Gaussian Noise of sigma 1.5. Calculating...

Files already downloaded and verified
Pre-processing pairwise diatances ...
WARNING: 5619 negative diff_squares found and set to zero, min_diff_square= tensor(-3.6380e-12, dtype=torch.float64)
Initialization is DONE !
[33.09548414 33.09548414 33.09548414 33.09548414 33.09548414 33.09548414
 33.09548414 33.09548414 33.09548414 30.0911618  30.0911618  30.0911618
 30.0911618  30.0911618  30.0911618  30.0911618  30.0911618  30.0911618
 30.0911618  30.0911618  30.0911618  30.0911618  30.0911618  30.0911618
 30.0911618  30.0911618  28.00801513 25.83917189 21.36897524]
Memory Info: pmem(rss=1529229312, vms=3052654592, shared=66924544, text=2420736, lib=0, data=2419183616, dirty=0)
Add Gaussian Noise of sigma 1.55. Calculating...

Files already downloaded and verified
Pre-processing pairwise diatances ...
WARNING: 5619 negative diff_squares found and set to zero, min_diff_square= tensor(-3.6380e-12, dtype=torch.float64)
Initialization is DONE !
[33.09548414 33.09548414 33.09548414 33.09548414 33.09548414 33.09548414
 30.0911618  30.0911618  30.0911618  30.0911618  30.0911618  30.0911618
 30.0911618  28.00801513 28.00801513 21.36897524]
Memory Info: pmem(rss=1508679680, vms=3032436736, shared=66924544, text=2420736, lib=0, data=2398965760, dirty=0)
Add Gaussian Noise of sigma 1.6. Calculating...

Files already downloaded and verified
Pre-processing pairwise diatances ...
WARNING: 5619 negative diff_squares found and set to zero, min_diff_square= tensor(-3.6380e-12, dtype=torch.float64)
Initialization is DONE !
[33.09548414 33.09548414 33.09548414 33.09548414 33.09548414 30.0911618
 30.0911618  30.0911618  28.00801513 28.00801513 22.11186385]
Memory Info: pmem(rss=1529286656, vms=3052916736, shared=66924544, text=2420736, lib=0, data=2419445760, dirty=0)
Add Gaussian Noise of sigma 1.6500000000000001. Calculating...

Files already downloaded and verified
Pre-processing pairwise diatances ...
WARNING: 5619 negative diff_squares found and set to zero, min_diff_square= tensor(-3.6380e-12, dtype=torch.float64)
Initialization is DONE !
[33.09548414 33.09548414 33.09548414 33.09548414 33.09548414 33.09548414
 30.0911618  30.0911618  30.0911618  30.0911618  30.0911618  30.0911618
 30.0911618  30.0911618  28.00801513]
Memory Info: pmem(rss=1508446208, vms=3032174592, shared=66924544, text=2420736, lib=0, data=2398703616, dirty=0)
Add Gaussian Noise of sigma 1.7000000000000002. Calculating...

Files already downloaded and verified
Pre-processing pairwise diatances ...
WARNING: 5619 negative diff_squares found and set to zero, min_diff_square= tensor(-3.6380e-12, dtype=torch.float64)
Initialization is DONE !
[33.09548414 33.09548414 33.09548414 33.09548414 28.00801513]
Memory Info: pmem(rss=1529569280, vms=3052916736, shared=66924544, text=2420736, lib=0, data=2419445760, dirty=0)
Add Gaussian Noise of sigma 1.75. Calculating...

Files already downloaded and verified
Pre-processing pairwise diatances ...
WARNING: 5619 negative diff_squares found and set to zero, min_diff_square= tensor(-3.6380e-12, dtype=torch.float64)
Initialization is DONE !
[33.09548414 33.09548414 30.0911618  30.0911618  28.00801513]
Memory Info: pmem(rss=1556537344, vms=3079933952, shared=66924544, text=2420736, lib=0, data=2446462976, dirty=0)
Add Gaussian Noise of sigma 1.8. Calculating...

Files already downloaded and verified
Pre-processing pairwise diatances ...
WARNING: 5619 negative diff_squares found and set to zero, min_diff_square= tensor(-3.6380e-12, dtype=torch.float64)
Initialization is DONE !
[33.09548414 33.09548414 33.09548414 30.0911618  30.0911618  28.00801513]
Memory Info: pmem(rss=1539112960, vms=3062923264, shared=66924544, text=2420736, lib=0, data=2429452288, dirty=0)
Add Gaussian Noise of sigma 1.85. Calculating...

Files already downloaded and verified
Pre-processing pairwise diatances ...
WARNING: 5619 negative diff_squares found and set to zero, min_diff_square= tensor(-3.6380e-12, dtype=torch.float64)
Initialization is DONE !
[33.09548414 33.09548414]
Memory Info: pmem(rss=1560371200, vms=3083665408, shared=66924544, text=2420736, lib=0, data=2450194432, dirty=0)
Add Gaussian Noise of sigma 1.9000000000000001. Calculating...

Files already downloaded and verified
Pre-processing pairwise diatances ...
WARNING: 5619 negative diff_squares found and set to zero, min_diff_square= tensor(-3.6380e-12, dtype=torch.float64)
Initialization is DONE !
[33.09548414 33.09548414 30.0911618 ]
Memory Info: pmem(rss=1539080192, vms=3063185408, shared=66924544, text=2420736, lib=0, data=2429714432, dirty=0)
Add Gaussian Noise of sigma 1.9500000000000002. Calculating...

Files already downloaded and verified
Pre-processing pairwise diatances ...
WARNING: 5619 negative diff_squares found and set to zero, min_diff_square= tensor(-3.6380e-12, dtype=torch.float64)
Initialization is DONE !
[33.09548414]
Memory Info: pmem(rss=1560059904, vms=3083403264, shared=66924544, text=2420736, lib=0, data=2449932288, dirty=0)
Add Gaussian Noise of sigma 2.0. Calculating...

Files already downloaded and verified
Pre-processing pairwise diatances ...
WARNING: 5619 negative diff_squares found and set to zero, min_diff_square= tensor(-3.6380e-12, dtype=torch.float64)
Initialization is DONE !
[33.09548414 33.09548414]
Memory Info: pmem(rss=1586843648, vms=3110682624, shared=66924544, text=2420736, lib=0, data=2477211648, dirty=0)
Add Gaussian Noise of sigma 2.0500000000000003. Calculating...

Files already downloaded and verified
Pre-processing pairwise diatances ...
WARNING: 5619 negative diff_squares found and set to zero, min_diff_square= tensor(-3.6380e-12, dtype=torch.float64)
Initialization is DONE !
[]
Memory Info: pmem(rss=1549676544, vms=3063185408, shared=66924544, text=2420736, lib=0, data=2429714432, dirty=0)
Add Gaussian Noise of sigma 2.1. Calculating...

Files already downloaded and verified
Pre-processing pairwise diatances ...
WARNING: 5619 negative diff_squares found and set to zero, min_diff_square= tensor(-3.6380e-12, dtype=torch.float64)
Initialization is DONE !
[]
Memory Info: pmem(rss=1600651264, vms=3114151936, shared=66924544, text=2420736, lib=0, data=2480680960, dirty=0)
Add Gaussian Noise of sigma 2.15. Calculating...

Files already downloaded and verified
Pre-processing pairwise diatances ...
WARNING: 5619 negative diff_squares found and set to zero, min_diff_square= tensor(-3.6380e-12, dtype=torch.float64)
Initialization is DONE !
[]
Memory Info: pmem(rss=1580769280, vms=3093934080, shared=66924544, text=2420736, lib=0, data=2460463104, dirty=0)
Add Gaussian Noise of sigma 2.2. Calculating...

Files already downloaded and verified
Pre-processing pairwise diatances ...
WARNING: 5619 negative diff_squares found and set to zero, min_diff_square= tensor(-3.6380e-12, dtype=torch.float64)
Initialization is DONE !
[]
Memory Info: pmem(rss=1600794624, vms=3114414080, shared=66924544, text=2420736, lib=0, data=2480943104, dirty=0)
Add Gaussian Noise of sigma 2.25. Calculating...

Files already downloaded and verified
Pre-processing pairwise diatances ...
WARNING: 5619 negative diff_squares found and set to zero, min_diff_square= tensor(-3.6380e-12, dtype=torch.float64)
Initialization is DONE !
[]
Memory Info: pmem(rss=1580322816, vms=3093671936, shared=66924544, text=2420736, lib=0, data=2460200960, dirty=0)
Add Gaussian Noise of sigma 2.3000000000000003. Calculating...

Files already downloaded and verified
Pre-processing pairwise diatances ...
WARNING: 5619 negative diff_squares found and set to zero, min_diff_square= tensor(-3.6380e-12, dtype=torch.float64)
Initialization is DONE !
[]
Memory Info: pmem(rss=1601155072, vms=3114414080, shared=66924544, text=2420736, lib=0, data=2480943104, dirty=0)
Add Gaussian Noise of sigma 2.35. Calculating...

Files already downloaded and verified
Pre-processing pairwise diatances ...
WARNING: 5619 negative diff_squares found and set to zero, min_diff_square= tensor(-3.6380e-12, dtype=torch.float64)
Initialization is DONE !
[]
Memory Info: pmem(rss=1580777472, vms=3093934080, shared=66924544, text=2420736, lib=0, data=2460463104, dirty=0)
Add Gaussian Noise of sigma 2.4000000000000004. Calculating...

Files already downloaded and verified
Pre-processing pairwise diatances ...
WARNING: 5619 negative diff_squares found and set to zero, min_diff_square= tensor(-3.6380e-12, dtype=torch.float64)
Initialization is DONE !
[]
Memory Info: pmem(rss=1600974848, vms=3114151936, shared=66924544, text=2420736, lib=0, data=2480680960, dirty=0)
Add Gaussian Noise of sigma 2.45. Calculating...

Files already downloaded and verified
Pre-processing pairwise diatances ...
WARNING: 5619 negative diff_squares found and set to zero, min_diff_square= tensor(-3.6380e-12, dtype=torch.float64)
Initialization is DONE !
[]
Memory Info: pmem(rss=1580822528, vms=3093934080, shared=66924544, text=2420736, lib=0, data=2460463104, dirty=0)
Add Gaussian Noise of sigma 2.5. Calculating...

Files already downloaded and verified
Pre-processing pairwise diatances ...
WARNING: 5619 negative diff_squares found and set to zero, min_diff_square= tensor(-3.6380e-12, dtype=torch.float64)
Initialization is DONE !
[]
Memory Info: pmem(rss=1601146880, vms=3114414080, shared=66924544, text=2420736, lib=0, data=2480943104, dirty=0)
Add Gaussian Noise of sigma 2.5500000000000003. Calculating...

Files already downloaded and verified
Pre-processing pairwise diatances ...
WARNING: 5619 negative diff_squares found and set to zero, min_diff_square= tensor(-3.6380e-12, dtype=torch.float64)
Initialization is DONE !
[]
Memory Info: pmem(rss=1627619328, vms=3141169152, shared=66924544, text=2420736, lib=0, data=2507698176, dirty=0)
Add Gaussian Noise of sigma 2.6. Calculating...

Files already downloaded and verified
Pre-processing pairwise diatances ...
WARNING: 5619 negative diff_squares found and set to zero, min_diff_square= tensor(-3.6380e-12, dtype=torch.float64)
Initialization is DONE !
[]
Memory Info: pmem(rss=1580122112, vms=3093934080, shared=66924544, text=2420736, lib=0, data=2460463104, dirty=0)
Add Gaussian Noise of sigma 2.6500000000000004. Calculating...

Files already downloaded and verified
Pre-processing pairwise diatances ...
WARNING: 5619 negative diff_squares found and set to zero, min_diff_square= tensor(-3.6380e-12, dtype=torch.float64)
Initialization is DONE !
[]
Memory Info: pmem(rss=1600974848, vms=3114414080, shared=66924544, text=2420736, lib=0, data=2480943104, dirty=0)
Add Gaussian Noise of sigma 2.7. Calculating...

Files already downloaded and verified
Pre-processing pairwise diatances ...
WARNING: 5619 negative diff_squares found and set to zero, min_diff_square= tensor(-3.6380e-12, dtype=torch.float64)
Initialization is DONE !
[]
Memory Info: pmem(rss=1627910144, vms=3141169152, shared=66924544, text=2420736, lib=0, data=2507698176, dirty=0)
Add Gaussian Noise of sigma 2.75. Calculating...

Files already downloaded and verified
Pre-processing pairwise diatances ...
WARNING: 5619 negative diff_squares found and set to zero, min_diff_square= tensor(-3.6380e-12, dtype=torch.float64)
Initialization is DONE !
[]
Memory Info: pmem(rss=1580503040, vms=3093934080, shared=66924544, text=2420736, lib=0, data=2460463104, dirty=0)
Add Gaussian Noise of sigma 2.8000000000000003. Calculating...

Files already downloaded and verified
Pre-processing pairwise diatances ...
WARNING: 5619 negative diff_squares found and set to zero, min_diff_square= tensor(-3.6380e-12, dtype=torch.float64)
Initialization is DONE !
[]
Memory Info: pmem(rss=1601024000, vms=3114414080, shared=66924544, text=2420736, lib=0, data=2480943104, dirty=0)
Add Gaussian Noise of sigma 2.85. Calculating...

Files already downloaded and verified
Pre-processing pairwise diatances ...
WARNING: 5619 negative diff_squares found and set to zero, min_diff_square= tensor(-3.6380e-12, dtype=torch.float64)
Initialization is DONE !
[]
Memory Info: pmem(rss=1627635712, vms=3141169152, shared=66924544, text=2420736, lib=0, data=2507698176, dirty=0)
Add Gaussian Noise of sigma 2.9000000000000004. Calculating...

Files already downloaded and verified
Pre-processing pairwise diatances ...
WARNING: 5619 negative diff_squares found and set to zero, min_diff_square= tensor(-3.6380e-12, dtype=torch.float64)
Initialization is DONE !
[]
Memory Info: pmem(rss=1580371968, vms=3093934080, shared=66924544, text=2420736, lib=0, data=2460463104, dirty=0)
Add Gaussian Noise of sigma 2.95. Calculating...

Files already downloaded and verified
Pre-processing pairwise diatances ...
WARNING: 5619 negative diff_squares found and set to zero, min_diff_square= tensor(-3.6380e-12, dtype=torch.float64)
Initialization is DONE !
[]
Memory Info: pmem(rss=1611468800, vms=3114414080, shared=66924544, text=2420736, lib=0, data=2480943104, dirty=0)
Add Gaussian Noise of sigma 3.0. Calculating...

Files already downloaded and verified
Pre-processing pairwise diatances ...
WARNING: 5619 negative diff_squares found and set to zero, min_diff_square= tensor(-3.6380e-12, dtype=torch.float64)
Initialization is DONE !
[]
Memory Info: pmem(rss=1590636544, vms=3093671936, shared=66924544, text=2420736, lib=0, data=2460200960, dirty=0)
Add Gaussian Noise of sigma 3.0500000000000003. Calculating...

Files already downloaded and verified
Pre-processing pairwise diatances ...
WARNING: 5619 negative diff_squares found and set to zero, min_diff_square= tensor(-3.6380e-12, dtype=torch.float64)
Initialization is DONE !
[]
Memory Info: pmem(rss=1611382784, vms=3114414080, shared=66924544, text=2420736, lib=0, data=2480943104, dirty=0)
Add Gaussian Noise of sigma 3.1. Calculating...

Files already downloaded and verified
Pre-processing pairwise diatances ...
WARNING: 5619 negative diff_squares found and set to zero, min_diff_square= tensor(-3.6380e-12, dtype=torch.float64)
Initialization is DONE !
[]
Memory Info: pmem(rss=1638645760, vms=3141431296, shared=66924544, text=2420736, lib=0, data=2507960320, dirty=0)
Add Gaussian Noise of sigma 3.1500000000000004. Calculating...

Files already downloaded and verified
Pre-processing pairwise diatances ...
WARNING: 5619 negative diff_squares found and set to zero, min_diff_square= tensor(-3.6380e-12, dtype=torch.float64)
Initialization is DONE !
[]
Memory Info: pmem(rss=1590579200, vms=3093671936, shared=66924544, text=2420736, lib=0, data=2460200960, dirty=0)
Add Gaussian Noise of sigma 3.2. Calculating...

Files already downloaded and verified
Pre-processing pairwise diatances ...
WARNING: 5619 negative diff_squares found and set to zero, min_diff_square= tensor(-3.6380e-12, dtype=torch.float64)
Initialization is DONE !
[]
Memory Info: pmem(rss=1610842112, vms=3114414080, shared=66924544, text=2420736, lib=0, data=2480943104, dirty=0)
Add Gaussian Noise of sigma 3.25. Calculating...

Files already downloaded and verified
Pre-processing pairwise diatances ...
WARNING: 5619 negative diff_squares found and set to zero, min_diff_square= tensor(-3.6380e-12, dtype=torch.float64)
Initialization is DONE !
[]
Memory Info: pmem(rss=1590595584, vms=3093934080, shared=66924544, text=2420736, lib=0, data=2460463104, dirty=0)
Add Gaussian Noise of sigma 3.3000000000000003. Calculating...

Files already downloaded and verified
Pre-processing pairwise diatances ...
WARNING: 5619 negative diff_squares found and set to zero, min_diff_square= tensor(-3.6380e-12, dtype=torch.float64)
Initialization is DONE !
[]
Memory Info: pmem(rss=1610919936, vms=3114151936, shared=66924544, text=2420736, lib=0, data=2480680960, dirty=0)
Add Gaussian Noise of sigma 3.35. Calculating...

Files already downloaded and verified
Pre-processing pairwise diatances ...
WARNING: 5619 negative diff_squares found and set to zero, min_diff_square= tensor(-3.6380e-12, dtype=torch.float64)
Initialization is DONE !
[]
Memory Info: pmem(rss=1638825984, vms=3141431296, shared=66924544, text=2420736, lib=0, data=2507960320, dirty=0)
Add Gaussian Noise of sigma 3.4000000000000004. Calculating...

Files already downloaded and verified
Pre-processing pairwise diatances ...
WARNING: 5619 negative diff_squares found and set to zero, min_diff_square= tensor(-3.6380e-12, dtype=torch.float64)
Initialization is DONE !
[]
Memory Info: pmem(rss=1590919168, vms=3093934080, shared=66924544, text=2420736, lib=0, data=2460463104, dirty=0)
Add Gaussian Noise of sigma 3.45. Calculating...

Files already downloaded and verified
Pre-processing pairwise diatances ...
WARNING: 5619 negative diff_squares found and set to zero, min_diff_square= tensor(-3.6380e-12, dtype=torch.float64)
Initialization is DONE !
[]
Memory Info: pmem(rss=1610956800, vms=3114151936, shared=66924544, text=2420736, lib=0, data=2480680960, dirty=0)
Add Gaussian Noise of sigma 3.5. Calculating...

Files already downloaded and verified
Pre-processing pairwise diatances ...
WARNING: 5619 negative diff_squares found and set to zero, min_diff_square= tensor(-3.6380e-12, dtype=torch.float64)
Initialization is DONE !
[]
Memory Info: pmem(rss=1638256640, vms=3141431296, shared=66924544, text=2420736, lib=0, data=2507960320, dirty=0)
Add Gaussian Noise of sigma 3.5500000000000003. Calculating...

Files already downloaded and verified
Pre-processing pairwise diatances ...
WARNING: 5619 negative diff_squares found and set to zero, min_diff_square= tensor(-3.6380e-12, dtype=torch.float64)
Initialization is DONE !
[]
Memory Info: pmem(rss=1590681600, vms=3093934080, shared=66924544, text=2420736, lib=0, data=2460463104, dirty=0)
Add Gaussian Noise of sigma 3.6. Calculating...

Files already downloaded and verified
Pre-processing pairwise diatances ...
WARNING: 5619 negative diff_squares found and set to zero, min_diff_square= tensor(-3.6380e-12, dtype=torch.float64)
Initialization is DONE !
[]
Memory Info: pmem(rss=1611034624, vms=3114151936, shared=66924544, text=2420736, lib=0, data=2480680960, dirty=0)
Add Gaussian Noise of sigma 3.6500000000000004. Calculating...

Files already downloaded and verified
Pre-processing pairwise diatances ...
WARNING: 5619 negative diff_squares found and set to zero, min_diff_square= tensor(-3.6380e-12, dtype=torch.float64)
Initialization is DONE !
[]
Memory Info: pmem(rss=1637961728, vms=3141431296, shared=66924544, text=2420736, lib=0, data=2507960320, dirty=0)
Add Gaussian Noise of sigma 3.7. Calculating...

Files already downloaded and verified
Pre-processing pairwise diatances ...
WARNING: 5619 negative diff_squares found and set to zero, min_diff_square= tensor(-3.6380e-12, dtype=torch.float64)
Initialization is DONE !
[]
Memory Info: pmem(rss=1590849536, vms=3093934080, shared=66924544, text=2420736, lib=0, data=2460463104, dirty=0)
Add Gaussian Noise of sigma 3.75. Calculating...

Files already downloaded and verified
Pre-processing pairwise diatances ...
WARNING: 5619 negative diff_squares found and set to zero, min_diff_square= tensor(-3.6380e-12, dtype=torch.float64)
Initialization is DONE !
[]
Memory Info: pmem(rss=1610600448, vms=3114151936, shared=66924544, text=2420736, lib=0, data=2480680960, dirty=0)
Add Gaussian Noise of sigma 3.8000000000000003. Calculating...

Files already downloaded and verified
Pre-processing pairwise diatances ...
WARNING: 5619 negative diff_squares found and set to zero, min_diff_square= tensor(-3.6380e-12, dtype=torch.float64)
Initialization is DONE !
[]
Memory Info: pmem(rss=1638260736, vms=3141431296, shared=66924544, text=2420736, lib=0, data=2507960320, dirty=0)
Add Gaussian Noise of sigma 3.85. Calculating...

Files already downloaded and verified
Pre-processing pairwise diatances ...
WARNING: 5619 negative diff_squares found and set to zero, min_diff_square= tensor(-3.6380e-12, dtype=torch.float64)
Initialization is DONE !
[]
Memory Info: pmem(rss=1600860160, vms=3093934080, shared=66924544, text=2420736, lib=0, data=2460463104, dirty=0)
Add Gaussian Noise of sigma 3.9000000000000004. Calculating...

Files already downloaded and verified
Pre-processing pairwise diatances ...
WARNING: 5619 negative diff_squares found and set to zero, min_diff_square= tensor(-3.6380e-12, dtype=torch.float64)
Initialization is DONE !
[]
Memory Info: pmem(rss=1631612928, vms=3114151936, shared=66924544, text=2420736, lib=0, data=2480680960, dirty=0)
Add Gaussian Noise of sigma 3.95. Calculating...

Files already downloaded and verified
Pre-processing pairwise diatances ...
WARNING: 5619 negative diff_squares found and set to zero, min_diff_square= tensor(-3.6380e-12, dtype=torch.float64)
Initialization is DONE !
[]
Memory Info: pmem(rss=1658716160, vms=3141431296, shared=66924544, text=2420736, lib=0, data=2507960320, dirty=0)
Add Gaussian Noise of sigma 4.0. Calculating...

Files already downloaded and verified
Pre-processing pairwise diatances ...
WARNING: 5619 negative diff_squares found and set to zero, min_diff_square= tensor(-3.6380e-12, dtype=torch.float64)
Initialization is DONE !
[]
Memory Info: pmem(rss=1611390976, vms=3093934080, shared=66924544, text=2420736, lib=0, data=2460463104, dirty=0)
Add Gaussian Noise of sigma 4.05. Calculating...

Files already downloaded and verified
Pre-processing pairwise diatances ...
WARNING: 5619 negative diff_squares found and set to zero, min_diff_square= tensor(-3.6380e-12, dtype=torch.float64)
Initialization is DONE !
[]
Memory Info: pmem(rss=1630916608, vms=3114151936, shared=66924544, text=2420736, lib=0, data=2480680960, dirty=0)
Add Gaussian Noise of sigma 4.1000000000000005. Calculating...

Files already downloaded and verified
Pre-processing pairwise diatances ...
WARNING: 5619 negative diff_squares found and set to zero, min_diff_square= tensor(-3.6380e-12, dtype=torch.float64)
Initialization is DONE !
[]
Memory Info: pmem(rss=1658449920, vms=3141431296, shared=66924544, text=2420736, lib=0, data=2507960320, dirty=0)
Add Gaussian Noise of sigma 4.15. Calculating...

Files already downloaded and verified
Pre-processing pairwise diatances ...
WARNING: 5619 negative diff_squares found and set to zero, min_diff_square= tensor(-3.6380e-12, dtype=torch.float64)
Initialization is DONE !
[]
Memory Info: pmem(rss=1611165696, vms=3093934080, shared=66924544, text=2420736, lib=0, data=2460463104, dirty=0)
Add Gaussian Noise of sigma 4.2. Calculating...

Files already downloaded and verified
Pre-processing pairwise diatances ...
WARNING: 5619 negative diff_squares found and set to zero, min_diff_square= tensor(-3.6380e-12, dtype=torch.float64)
Initialization is DONE !
[]
Memory Info: pmem(rss=1631522816, vms=3114151936, shared=66924544, text=2420736, lib=0, data=2480680960, dirty=0)
Add Gaussian Noise of sigma 4.25. Calculating...

Files already downloaded and verified
Pre-processing pairwise diatances ...
WARNING: 5619 negative diff_squares found and set to zero, min_diff_square= tensor(-3.6380e-12, dtype=torch.float64)
Initialization is DONE !
[]
Memory Info: pmem(rss=1658859520, vms=3141431296, shared=66924544, text=2420736, lib=0, data=2507960320, dirty=0)
Add Gaussian Noise of sigma 4.3. Calculating...

Files already downloaded and verified
Pre-processing pairwise diatances ...
WARNING: 5619 negative diff_squares found and set to zero, min_diff_square= tensor(-3.6380e-12, dtype=torch.float64)
Initialization is DONE !
[]
Memory Info: pmem(rss=1610801152, vms=3093934080, shared=66924544, text=2420736, lib=0, data=2460463104, dirty=0)
Add Gaussian Noise of sigma 4.3500000000000005. Calculating...

Files already downloaded and verified
Pre-processing pairwise diatances ...
WARNING: 5619 negative diff_squares found and set to zero, min_diff_square= tensor(-3.6380e-12, dtype=torch.float64)
Initialization is DONE !
[]
Memory Info: pmem(rss=1631723520, vms=3114151936, shared=66924544, text=2420736, lib=0, data=2480680960, dirty=0)
Add Gaussian Noise of sigma 4.4. Calculating...

Files already downloaded and verified
Pre-processing pairwise diatances ...
WARNING: 5619 negative diff_squares found and set to zero, min_diff_square= tensor(-3.6380e-12, dtype=torch.float64)
Initialization is DONE !
[]
Memory Info: pmem(rss=1658437632, vms=3141431296, shared=66924544, text=2420736, lib=0, data=2507960320, dirty=0)
Add Gaussian Noise of sigma 4.45. Calculating...

Files already downloaded and verified
Pre-processing pairwise diatances ...
WARNING: 5619 negative diff_squares found and set to zero, min_diff_square= tensor(-3.6380e-12, dtype=torch.float64)
Initialization is DONE !
[]
Memory Info: pmem(rss=1611452416, vms=3093934080, shared=66924544, text=2420736, lib=0, data=2460463104, dirty=0)
Add Gaussian Noise of sigma 4.5. Calculating...

Files already downloaded and verified
Pre-processing pairwise diatances ...
WARNING: 5619 negative diff_squares found and set to zero, min_diff_square= tensor(-3.6380e-12, dtype=torch.float64)
Initialization is DONE !
[]
Memory Info: pmem(rss=1631715328, vms=3114151936, shared=66924544, text=2420736, lib=0, data=2480680960, dirty=0)
Add Gaussian Noise of sigma 4.55. Calculating...

Files already downloaded and verified
Pre-processing pairwise diatances ...
WARNING: 5619 negative diff_squares found and set to zero, min_diff_square= tensor(-3.6380e-12, dtype=torch.float64)
Initialization is DONE !
[]
Memory Info: pmem(rss=1658646528, vms=3141431296, shared=66924544, text=2420736, lib=0, data=2507960320, dirty=0)
Add Gaussian Noise of sigma 4.6000000000000005. Calculating...

Files already downloaded and verified
Pre-processing pairwise diatances ...
WARNING: 5619 negative diff_squares found and set to zero, min_diff_square= tensor(-3.6380e-12, dtype=torch.float64)
Initialization is DONE !
[]
Memory Info: pmem(rss=1611661312, vms=3093934080, shared=66924544, text=2420736, lib=0, data=2460463104, dirty=0)
Add Gaussian Noise of sigma 4.65. Calculating...

Files already downloaded and verified
Pre-processing pairwise diatances ...
WARNING: 5619 negative diff_squares found and set to zero, min_diff_square= tensor(-3.6380e-12, dtype=torch.float64)
Initialization is DONE !
[]
Memory Info: pmem(rss=1631670272, vms=3114151936, shared=66924544, text=2420736, lib=0, data=2480680960, dirty=0)
Add Gaussian Noise of sigma 4.7. Calculating...

Files already downloaded and verified
Pre-processing pairwise diatances ...
WARNING: 5619 negative diff_squares found and set to zero, min_diff_square= tensor(-3.6380e-12, dtype=torch.float64)
Initialization is DONE !
[]
Memory Info: pmem(rss=1659019264, vms=3141431296, shared=66924544, text=2420736, lib=0, data=2507960320, dirty=0)
Add Gaussian Noise of sigma 4.75. Calculating...

Files already downloaded and verified
Pre-processing pairwise diatances ...
WARNING: 5619 negative diff_squares found and set to zero, min_diff_square= tensor(-3.6380e-12, dtype=torch.float64)
Initialization is DONE !
[]
Memory Info: pmem(rss=1611538432, vms=3093934080, shared=66924544, text=2420736, lib=0, data=2460463104, dirty=0)
Add Gaussian Noise of sigma 4.800000000000001. Calculating...

Files already downloaded and verified
Pre-processing pairwise diatances ...
WARNING: 5619 negative diff_squares found and set to zero, min_diff_square= tensor(-3.6380e-12, dtype=torch.float64)
Initialization is DONE !
[]
Memory Info: pmem(rss=1631694848, vms=3114151936, shared=66924544, text=2420736, lib=0, data=2480680960, dirty=0)
Add Gaussian Noise of sigma 4.8500000000000005. Calculating...

Files already downloaded and verified
Pre-processing pairwise diatances ...
WARNING: 5619 negative diff_squares found and set to zero, min_diff_square= tensor(-3.6380e-12, dtype=torch.float64)
Initialization is DONE !
[]
Memory Info: pmem(rss=1611464704, vms=3093934080, shared=66924544, text=2420736, lib=0, data=2460463104, dirty=0)
Add Gaussian Noise of sigma 4.9. Calculating...

Files already downloaded and verified
Pre-processing pairwise diatances ...
WARNING: 5619 negative diff_squares found and set to zero, min_diff_square= tensor(-3.6380e-12, dtype=torch.float64)
Initialization is DONE !
[]
Memory Info: pmem(rss=1631825920, vms=3114414080, shared=66924544, text=2420736, lib=0, data=2480943104, dirty=0)
Add Gaussian Noise of sigma 4.95. Calculating...

Files already downloaded and verified
Pre-processing pairwise diatances ...
WARNING: 5619 negative diff_squares found and set to zero, min_diff_square= tensor(-3.6380e-12, dtype=torch.float64)
Initialization is DONE !
[]
Memory Info: pmem(rss=1611001856, vms=3093671936, shared=66924544, text=2420736, lib=0, data=2460200960, dirty=0)
